<?xml version="1.0" encoding="UTF-8"?>
<testsuite xmlns:xsi="http://www.w3.org/2001/XMLSchema-instance" xsi:noNamespaceSchemaLocation="https://maven.apache.org/surefire/maven-surefire-plugin/xsd/surefire-test-report-3.0.xsd" version="3.0" name="com.self.UserServiceTest" time="0.069" tests="1" errors="1" skipped="0" failures="0">
  <properties>
[...]
</properties>
  <testcase name="testGetAge" classname="com.self.UserServiceTest" time="0.041">
    <error message="无效的身份证号码" type="java.lang.IllegalArgumentException"><![CDATA[java.lang.IllegalArgumentException: 无效的身份证号码
	at com.self.UserService.getAge(UserService.java:15)
	at com.self.UserServiceTest.testGetAge(UserServiceTest.java:9)
	at java.base/java.lang.reflect.Method.invoke(Method.java:568)
	at java.base/java.util.ArrayList.forEach(ArrayList.java:1511)
	at java.base/java.util.ArrayList.forEach(ArrayList.java:1511)
]]></error>
  </testcase>
</testsuite>