<?xml version="1.0" encoding="UTF-8"?>
<testsuite xmlns:xsi="http://www.w3.org/2001/XMLSchema-instance" xsi:noNamespaceSchemaLocation="https://maven.apache.org/surefire/maven-surefire-plugin/xsd/surefire-test-report-3.0.xsd" version="3.0" name="com.self.UserServiceTest" time="0.069" tests="1" errors="1" skipped="0" failures="0">
  <properties>
    <property name="java.specification.version" value="17"/>
    <property name="sun.cpu.isalist" value="amd64"/>
    <property name="sun.jnu.encoding" value="GBK"/>
    <property name="java.class.path" value="D:\Code\web-basic-advance\web-advance\maven-project01\target\test-classes;D:\Code\web-basic-advance\web-advance\maven-project01\target\classes;D:\myMaven\apache-maven-3.9.9\mvn-repo\org\springframework\spring-context\6.1.14\spring-context-6.1.14.jar;D:\myMaven\apache-maven-3.9.9\mvn-repo\org\springframework\spring-aop\6.1.14\spring-aop-6.1.14.jar;D:\myMaven\apache-maven-3.9.9\mvn-repo\org\springframework\spring-beans\6.1.14\spring-beans-6.1.14.jar;D:\myMaven\apache-maven-3.9.9\mvn-repo\org\springframework\spring-core\6.1.14\spring-core-6.1.14.jar;D:\myMaven\apache-maven-3.9.9\mvn-repo\org\springframework\spring-jcl\6.1.14\spring-jcl-6.1.14.jar;D:\myMaven\apache-maven-3.9.9\mvn-repo\org\springframework\spring-expression\6.1.14\spring-expression-6.1.14.jar;D:\myMaven\apache-maven-3.9.9\mvn-repo\org\junit\jupiter\junit-jupiter\5.10.0\junit-jupiter-5.10.0.jar;D:\myMaven\apache-maven-3.9.9\mvn-repo\org\junit\jupiter\junit-jupiter-api\5.10.0\junit-jupiter-api-5.10.0.jar;D:\myMaven\apache-maven-3.9.9\mvn-repo\org\opentest4j\opentest4j\1.3.0\opentest4j-1.3.0.jar;D:\myMaven\apache-maven-3.9.9\mvn-repo\org\junit\platform\junit-platform-commons\1.10.0\junit-platform-commons-1.10.0.jar;D:\myMaven\apache-maven-3.9.9\mvn-repo\org\apiguardian\apiguardian-api\1.1.2\apiguardian-api-1.1.2.jar;D:\myMaven\apache-maven-3.9.9\mvn-repo\org\junit\jupiter\junit-jupiter-params\5.10.0\junit-jupiter-params-5.10.0.jar;D:\myMaven\apache-maven-3.9.9\mvn-repo\org\junit\jupiter\junit-jupiter-engine\5.10.0\junit-jupiter-engine-5.10.0.jar;D:\myMaven\apache-maven-3.9.9\mvn-repo\org\junit\platform\junit-platform-engine\1.10.0\junit-platform-engine-1.10.0.jar;"/>
    <property name="java.vm.vendor" value="Oracle Corporation"/>
    <property name="sun.arch.data.model" value="64"/>
    <property name="user.variant" value=""/>
    <property name="java.vendor.url" value="https://java.oracle.com/"/>
    <property name="user.timezone" value="Asia/Shanghai"/>
    <property name="os.name" value="Windows 11"/>
    <property name="java.vm.specification.version" value="17"/>
    <property name="sun.java.launcher" value="SUN_STANDARD"/>
    <property name="user.country" value="CN"/>
    <property name="sun.boot.library.path" value="C:\Program Files\Java\jdk-17\bin"/>
    <property name="sun.java.command" value="C:\Users\admin\AppData\Local\Temp\surefire13983388571402861008\surefirebooter-20250316222344809_3.jar C:\Users\admin\AppData\Local\Temp\surefire13983388571402861008 2025-03-16T22-23-39_493-jvmRun1 surefire-20250316222344809_1tmp surefire_0-20250316222344809_2tmp"/>
    <property name="jdk.debug" value="release"/>
    <property name="surefire.test.class.path" value="D:\Code\web-basic-advance\web-advance\maven-project01\target\test-classes;D:\Code\web-basic-advance\web-advance\maven-project01\target\classes;D:\myMaven\apache-maven-3.9.9\mvn-repo\org\springframework\spring-context\6.1.14\spring-context-6.1.14.jar;D:\myMaven\apache-maven-3.9.9\mvn-repo\org\springframework\spring-aop\6.1.14\spring-aop-6.1.14.jar;D:\myMaven\apache-maven-3.9.9\mvn-repo\org\springframework\spring-beans\6.1.14\spring-beans-6.1.14.jar;D:\myMaven\apache-maven-3.9.9\mvn-repo\org\springframework\spring-core\6.1.14\spring-core-6.1.14.jar;D:\myMaven\apache-maven-3.9.9\mvn-repo\org\springframework\spring-jcl\6.1.14\spring-jcl-6.1.14.jar;D:\myMaven\apache-maven-3.9.9\mvn-repo\org\springframework\spring-expression\6.1.14\spring-expression-6.1.14.jar;D:\myMaven\apache-maven-3.9.9\mvn-repo\org\junit\jupiter\junit-jupiter\5.10.0\junit-jupiter-5.10.0.jar;D:\myMaven\apache-maven-3.9.9\mvn-repo\org\junit\jupiter\junit-jupiter-api\5.10.0\junit-jupiter-api-5.10.0.jar;D:\myMaven\apache-maven-3.9.9\mvn-repo\org\opentest4j\opentest4j\1.3.0\opentest4j-1.3.0.jar;D:\myMaven\apache-maven-3.9.9\mvn-repo\org\junit\platform\junit-platform-commons\1.10.0\junit-platform-commons-1.10.0.jar;D:\myMaven\apache-maven-3.9.9\mvn-repo\org\apiguardian\apiguardian-api\1.1.2\apiguardian-api-1.1.2.jar;D:\myMaven\apache-maven-3.9.9\mvn-repo\org\junit\jupiter\junit-jupiter-params\5.10.0\junit-jupiter-params-5.10.0.jar;D:\myMaven\apache-maven-3.9.9\mvn-repo\org\junit\jupiter\junit-jupiter-engine\5.10.0\junit-jupiter-engine-5.10.0.jar;D:\myMaven\apache-maven-3.9.9\mvn-repo\org\junit\platform\junit-platform-engine\1.10.0\junit-platform-engine-1.10.0.jar;"/>
    <property name="sun.cpu.endian" value="little"/>
    <property name="user.home" value="C:\Users\admin"/>
    <property name="user.language" value="zh"/>
    <property name="java.specification.vendor" value="Oracle Corporation"/>
    <property name="java.version.date" value="2024-07-16"/>
    <property name="java.home" value="C:\Program Files\Java\jdk-17"/>
    <property name="file.separator" value="\"/>
    <property name="basedir" value="D:\Code\web-basic-advance\web-advance\maven-project01"/>
    <property name="java.vm.compressedOopsMode" value="Zero based"/>
    <property name="line.separator" value="&#10;"/>
    <property name="java.vm.specification.vendor" value="Oracle Corporation"/>
    <property name="java.specification.name" value="Java Platform API Specification"/>
    <property name="surefire.real.class.path" value="C:\Users\admin\AppData\Local\Temp\surefire13983388571402861008\surefirebooter-20250316222344809_3.jar"/>
    <property name="user.script" value=""/>
    <property name="sun.management.compiler" value="HotSpot 64-Bit Tiered Compilers"/>
    <property name="java.runtime.version" value="17.0.12+8-LTS-286"/>
    <property name="user.name" value="admin"/>
    <property name="path.separator" value=";"/>
    <property name="os.version" value="10.0"/>
    <property name="java.runtime.name" value="Java(TM) SE Runtime Environment"/>
    <property name="file.encoding" value="GBK"/>
    <property name="java.vm.name" value="Java HotSpot(TM) 64-Bit Server VM"/>
    <property name="localRepository" value="D:\myMaven\apache-maven-3.9.9\mvn-repo"/>
    <property name="java.vendor.url.bug" value="https://bugreport.java.com/bugreport/"/>
    <property name="java.io.tmpdir" value="C:\Users\admin\AppData\Local\Temp\"/>
    <property name="idea.version" value="2023.2.8"/>
    <property name="java.version" value="17.0.12"/>
    <property name="user.dir" value="D:\Code\web-basic-advance\web-advance\maven-project01"/>
    <property name="os.arch" value="amd64"/>
    <property name="java.vm.specification.name" value="Java Virtual Machine Specification"/>
    <property name="sun.os.patch.level" value=""/>
    <property name="native.encoding" value="GBK"/>
    <property name="java.library.path" value="C:\Program Files\Java\jdk-17\bin;C:\WINDOWS\Sun\Java\bin;C:\WINDOWS\system32;C:\WINDOWS;c:\Users\admin\AppData\Local\Programs\cursor\resources\app\bin;C:\Program Files\Common Files\Oracle\Java\javapath;C:\Program Files (x86)\Common Files\Oracle\Java\java8path;C:\Program Files (x86)\Common Files\Oracle\Java\javapath;C:\Windows\system32;C:\Windows;C:\Windows\System32\Wbem;C:\Windows\System32\WindowsPowerShell\v1.0\;C:\Windows\System32\OpenSSH\;C:\Program Files\Java\jdk-17\bin;C:\Program Files\Java\jdk-17\jer\bin;D:\study code\apache-tomcat-10.1.19\bin;C:\Program Files (x86)\NVIDIA Corporation\PhysX\Common;C:\Program Files\Bandizip\;c:\Program Files (x86)\Microsoft SQL Server\100\Tools\Binn\;c:\Program Files\Microsoft SQL Server\100\Tools\Binn\;c:\Program Files\Microsoft SQL Server\100\DTS\Binn\;C:\Program Files\MySQL\MySQL Shell 8.0\bin;C:\Users\admin\Documents\jdk-17_windows-x64_bin\jdk-17.0.12\bin;D:\android-ndk-r24-windows\android-ndk-r24;D:\Python\Scripts;C:\Program Files\MySQL\MySQL Server 8.0\bin;C:\Program Files\nodejs\;D:\pnpm\globalBinDir;D:\微信web开发者工具\dll;C:\Pro;ram Files (x86)\Tencent\微信web开发者工具\dll;C:\Users\admin\AppData\Roaming\npm;C:\Program Files\nodejs\node;C:\Program Files\Git\cmd;C:\WINDOWS\system32;C:\WINDOWS;C:\WINDOWS\System32\Wbem;C:\WINDOWS\System32\WindowsPowerShell\v1.0\;C:\WINDOWS\System32\OpenSSH\;C:\Program Files\NVIDIA Corporation\NVIDIA app\NvDLISR;D:\myMaven\apache-maven-3.9.9\bin;D:\SoftwareCollection\python3.9\Scripts\;D:\SoftwareCollection\python3.9\;C:\Users\admin\AppData\Local\Programs\Python\Python39\Scripts\;C:\Users\admin\AppData\Local\Programs\Python\Python39\;D:\SoftwareCollection\miniconda;D:\SoftwareCollection\miniconda\Library\mingw-w64\bin;D:\SoftwareCollection\miniconda\Library\usr\bin;D:\SoftwareCollection\miniconda\Library\bin;D:\SoftwareCollection\miniconda\Scripts;D:\SoftwareCollection\Scripts\;D:\SoftwareCollection\;C:\Users\admin\AppData\Local\pnpm;C:\Program Files\MySQL\MySQL Shell 8.0\bin\;D:\SoftwareCollection\IntelliJ IDEA 2024.3.3\bin;C:\Program Files\nodejs\node_global\node_modules;D:\SoftwareCollection\WebStorm 2024.3\bin;D:\SoftwareCollection\PyCharm 2024.2.4\bin;C:\Users\admin\AppData\Local\Programs\Microsoft VS Code\bin;D:\SoftwareCollection\DevEco Studio\bin;D:\SoftwareCollection\PyCharm Community Edition 2024.3\bin;D:\ChromeDownload\commandline-tools-windows-2.0.0.2\command-line-tools\ohpm\bin;D:\Code\apache-maven-3.6.3\bin;D:\SoftwareCollection\Windsurf\bin;C:\Users\admin\AppData\Local\Microsoft\WindowsApps;D:\SoftwareCollection\Intranet-penetration\;D:\ChromeDownload\pandoc-3.6.3;."/>
    <property name="java.vm.info" value="mixed mode, sharing"/>
    <property name="java.vendor" value="Oracle Corporation"/>
    <property name="java.vm.version" value="17.0.12+8-LTS-286"/>
    <property name="sun.io.unicode.encoding" value="UnicodeLittle"/>
    <property name="java.class.version" value="61.0"/>
  </properties>
  <testcase name="testGetAge" classname="com.self.UserServiceTest" time="0.041">
    <error message="无效的身份证号码" type="java.lang.IllegalArgumentException"><![CDATA[java.lang.IllegalArgumentException: 无效的身份证号码
	at com.self.UserService.getAge(UserService.java:15)
	at com.self.UserServiceTest.testGetAge(UserServiceTest.java:9)
	at java.base/java.lang.reflect.Method.invoke(Method.java:568)
	at java.base/java.util.ArrayList.forEach(ArrayList.java:1511)
	at java.base/java.util.ArrayList.forEach(ArrayList.java:1511)
]]></error>
  </testcase>
</testsuite>